2022/01/21 02:45:45 [notice] 1#1: using the "epoll" event method
2022/01/21 02:45:45 [notice] 1#1: nginx/1.21.5
2022/01/21 02:45:45 [notice] 1#1: built by gcc 10.2.1 20210110 (Debian 10.2.1-6) 
2022/01/21 02:45:45 [notice] 1#1: OS: Linux 5.10.16.3-microsoft-standard-WSL2
2022/01/21 02:45:45 [notice] 1#1: getrlimit(RLIMIT_NOFILE): 1048576:1048576
2022/01/21 02:45:45 [notice] 1#1: start worker processes
2022/01/21 02:45:45 [notice] 1#1: start worker process 31
2022/01/21 02:45:45 [notice] 1#1: start worker process 32
2022/01/21 02:45:45 [notice] 1#1: start worker process 33
2022/01/21 02:45:45 [notice] 1#1: start worker process 34
2022/01/21 02:45:45 [notice] 1#1: start worker process 35
2022/01/21 02:45:45 [notice] 1#1: start worker process 36
2022/01/21 02:45:45 [notice] 1#1: start worker process 37
2022/01/21 02:45:45 [notice] 1#1: start worker process 38
2022/01/21 02:48:30 [notice] 1#1: signal 3 (SIGQUIT) received, shutting down
2022/01/21 02:48:30 [notice] 31#31: gracefully shutting down
2022/01/21 02:48:30 [notice] 32#32: gracefully shutting down
2022/01/21 02:48:30 [notice] 33#33: gracefully shutting down
2022/01/21 02:48:30 [notice] 34#34: gracefully shutting down
2022/01/21 02:48:30 [notice] 35#35: gracefully shutting down
2022/01/21 02:48:30 [notice] 36#36: gracefully shutting down
2022/01/21 02:48:30 [notice] 37#37: gracefully shutting down
2022/01/21 02:48:30 [notice] 38#38: gracefully shutting down
2022/01/21 02:48:30 [notice] 31#31: exiting
2022/01/21 02:48:30 [notice] 32#32: exiting
2022/01/21 02:48:30 [notice] 33#33: exiting
2022/01/21 02:48:30 [notice] 32#32: exit
2022/01/21 02:48:30 [notice] 34#34: exiting
2022/01/21 02:48:30 [notice] 35#35: exiting
2022/01/21 02:48:30 [notice] 36#36: exiting
2022/01/21 02:48:30 [notice] 37#37: exiting
2022/01/21 02:48:30 [notice] 38#38: exiting
2022/01/21 02:48:30 [notice] 31#31: exit
2022/01/21 02:48:30 [notice] 33#33: exit
2022/01/21 02:48:30 [notice] 34#34: exit
2022/01/21 02:48:30 [notice] 35#35: exit
2022/01/21 02:48:30 [notice] 36#36: exit
2022/01/21 02:48:30 [notice] 37#37: exit
2022/01/21 02:48:30 [notice] 38#38: exit
2022/01/21 02:48:30 [notice] 1#1: signal 17 (SIGCHLD) received from 31
2022/01/21 02:48:30 [notice] 1#1: worker process 31 exited with code 0
2022/01/21 02:48:30 [notice] 1#1: worker process 33 exited with code 0
2022/01/21 02:48:30 [notice] 1#1: worker process 36 exited with code 0
2022/01/21 02:48:30 [notice] 1#1: signal 29 (SIGIO) received
2022/01/21 02:48:30 [notice] 1#1: signal 17 (SIGCHLD) received from 36
2022/01/21 02:48:30 [notice] 1#1: signal 17 (SIGCHLD) received from 35
2022/01/21 02:48:30 [notice] 1#1: worker process 35 exited with code 0
2022/01/21 02:48:30 [notice] 1#1: worker process 38 exited with code 0
2022/01/21 02:48:30 [notice] 1#1: signal 29 (SIGIO) received
2022/01/21 02:48:30 [notice] 1#1: signal 17 (SIGCHLD) received from 37
2022/01/21 02:48:30 [notice] 1#1: worker process 37 exited with code 0
2022/01/21 02:48:30 [notice] 1#1: signal 29 (SIGIO) received
2022/01/21 02:48:30 [notice] 1#1: signal 17 (SIGCHLD) received from 32
2022/01/21 02:48:30 [notice] 1#1: worker process 32 exited with code 0
2022/01/21 02:48:30 [notice] 1#1: signal 29 (SIGIO) received
2022/01/21 02:48:30 [notice] 1#1: signal 17 (SIGCHLD) received from 34
2022/01/21 02:48:30 [notice] 1#1: worker process 34 exited with code 0
2022/01/21 02:48:30 [notice] 1#1: exit
2022/01/21 02:48:51 [notice] 1#1: using the "epoll" event method
2022/01/21 02:48:51 [notice] 1#1: nginx/1.21.5
2022/01/21 02:48:51 [notice] 1#1: built by gcc 10.2.1 20210110 (Debian 10.2.1-6) 
2022/01/21 02:48:51 [notice] 1#1: OS: Linux 5.10.16.3-microsoft-standard-WSL2
2022/01/21 02:48:51 [notice] 1#1: getrlimit(RLIMIT_NOFILE): 1048576:1048576
2022/01/21 02:48:51 [notice] 1#1: start worker processes
2022/01/21 02:48:51 [notice] 1#1: start worker process 30
2022/01/21 02:48:51 [notice] 1#1: start worker process 31
2022/01/21 02:48:51 [notice] 1#1: start worker process 32
2022/01/21 02:48:51 [notice] 1#1: start worker process 33
2022/01/21 02:48:51 [notice] 1#1: start worker process 34
2022/01/21 02:48:51 [notice] 1#1: start worker process 35
2022/01/21 02:48:51 [notice] 1#1: start worker process 36
2022/01/21 02:48:51 [notice] 1#1: start worker process 37
2022/01/21 02:51:50 [notice] 1#1: signal 3 (SIGQUIT) received, shutting down
2022/01/21 02:51:50 [notice] 30#30: gracefully shutting down
2022/01/21 02:51:50 [notice] 31#31: gracefully shutting down
2022/01/21 02:51:50 [notice] 32#32: gracefully shutting down
2022/01/21 02:51:50 [notice] 32#32: exiting
2022/01/21 02:51:50 [notice] 35#35: gracefully shutting down
2022/01/21 02:51:50 [notice] 33#33: gracefully shutting down
2022/01/21 02:51:50 [notice] 34#34: gracefully shutting down
2022/01/21 02:51:50 [notice] 37#37: gracefully shutting down
2022/01/21 02:51:50 [notice] 36#36: gracefully shutting down
2022/01/21 02:51:50 [notice] 30#30: exiting
2022/01/21 02:51:50 [notice] 31#31: exiting
2022/01/21 02:51:50 [notice] 32#32: exit
2022/01/21 02:51:50 [notice] 35#35: exiting
2022/01/21 02:51:50 [notice] 33#33: exiting
2022/01/21 02:51:50 [notice] 34#34: exiting
2022/01/21 02:51:50 [notice] 37#37: exiting
2022/01/21 02:51:50 [notice] 36#36: exiting
2022/01/21 02:51:50 [notice] 37#37: exit
2022/01/21 02:51:50 [notice] 30#30: exit
2022/01/21 02:51:50 [notice] 31#31: exit
2022/01/21 02:51:50 [notice] 35#35: exit
2022/01/21 02:51:50 [notice] 33#33: exit
2022/01/21 02:51:50 [notice] 34#34: exit
2022/01/21 02:51:50 [notice] 36#36: exit
2022/01/21 02:51:50 [notice] 1#1: signal 17 (SIGCHLD) received from 33
2022/01/21 02:51:50 [notice] 1#1: worker process 30 exited with code 0
2022/01/21 02:51:50 [notice] 1#1: worker process 33 exited with code 0
2022/01/21 02:51:50 [notice] 1#1: worker process 34 exited with code 0
2022/01/21 02:51:50 [notice] 1#1: worker process 37 exited with code 0
2022/01/21 02:51:50 [notice] 1#1: signal 29 (SIGIO) received
2022/01/21 02:51:50 [notice] 1#1: signal 17 (SIGCHLD) received from 30
2022/01/21 02:51:50 [notice] 1#1: signal 17 (SIGCHLD) received from 35
2022/01/21 02:51:50 [notice] 1#1: worker process 31 exited with code 0
2022/01/21 02:51:50 [notice] 1#1: worker process 35 exited with code 0
2022/01/21 02:51:50 [notice] 1#1: worker process 36 exited with code 0
2022/01/21 02:51:50 [notice] 1#1: signal 29 (SIGIO) received
2022/01/21 02:51:50 [notice] 1#1: signal 17 (SIGCHLD) received from 31
2022/01/21 02:51:50 [notice] 1#1: signal 17 (SIGCHLD) received from 32
2022/01/21 02:51:50 [notice] 1#1: worker process 32 exited with code 0
2022/01/21 02:51:50 [notice] 1#1: exit
2022/01/21 02:52:59 [notice] 1#1: using the "epoll" event method
2022/01/21 02:52:59 [notice] 1#1: nginx/1.21.5
2022/01/21 02:52:59 [notice] 1#1: built by gcc 10.2.1 20210110 (Debian 10.2.1-6) 
2022/01/21 02:52:59 [notice] 1#1: OS: Linux 5.10.16.3-microsoft-standard-WSL2
2022/01/21 02:52:59 [notice] 1#1: getrlimit(RLIMIT_NOFILE): 1048576:1048576
2022/01/21 02:52:59 [notice] 1#1: start worker processes
2022/01/21 02:52:59 [notice] 1#1: start worker process 30
2022/01/21 02:52:59 [notice] 1#1: start worker process 31
2022/01/21 02:52:59 [notice] 1#1: start worker process 32
2022/01/21 02:52:59 [notice] 1#1: start worker process 33
2022/01/21 02:52:59 [notice] 1#1: start worker process 34
2022/01/21 02:52:59 [notice] 1#1: start worker process 35
2022/01/21 02:52:59 [notice] 1#1: start worker process 36
2022/01/21 02:52:59 [notice] 1#1: start worker process 37
2022/01/21 02:54:05 [notice] 1#1: signal 3 (SIGQUIT) received, shutting down
2022/01/21 02:54:05 [notice] 30#30: gracefully shutting down
2022/01/21 02:54:05 [notice] 31#31: gracefully shutting down
2022/01/21 02:54:05 [notice] 32#32: gracefully shutting down
2022/01/21 02:54:05 [notice] 33#33: gracefully shutting down
2022/01/21 02:54:05 [notice] 33#33: exiting
2022/01/21 02:54:05 [notice] 34#34: gracefully shutting down
2022/01/21 02:54:05 [notice] 35#35: gracefully shutting down
2022/01/21 02:54:05 [notice] 36#36: gracefully shutting down
2022/01/21 02:54:05 [notice] 37#37: gracefully shutting down
2022/01/21 02:54:05 [notice] 31#31: exiting
2022/01/21 02:54:05 [notice] 32#32: exiting
2022/01/21 02:54:05 [notice] 33#33: exit
2022/01/21 02:54:05 [notice] 34#34: exiting
2022/01/21 02:54:05 [notice] 35#35: exiting
2022/01/21 02:54:05 [notice] 36#36: exiting
2022/01/21 02:54:05 [notice] 37#37: exiting
2022/01/21 02:54:05 [notice] 31#31: exit
2022/01/21 02:54:05 [notice] 32#32: exit
2022/01/21 02:54:05 [notice] 34#34: exit
2022/01/21 02:54:05 [notice] 35#35: exit
2022/01/21 02:54:05 [notice] 36#36: exit
2022/01/21 02:54:05 [notice] 37#37: exit
2022/01/21 02:54:06 [notice] 1#1: signal 17 (SIGCHLD) received from 31
2022/01/21 02:54:06 [notice] 1#1: worker process 31 exited with code 0
2022/01/21 02:54:06 [notice] 1#1: worker process 32 exited with code 0
2022/01/21 02:54:06 [notice] 1#1: worker process 33 exited with code 0
2022/01/21 02:54:06 [notice] 1#1: worker process 34 exited with code 0
2022/01/21 02:54:06 [notice] 1#1: worker process 35 exited with code 0
2022/01/21 02:54:06 [notice] 1#1: worker process 37 exited with code 0
2022/01/21 02:54:06 [notice] 1#1: signal 29 (SIGIO) received
2022/01/21 02:54:06 [notice] 1#1: signal 17 (SIGCHLD) received from 34
2022/01/21 02:54:06 [notice] 1#1: signal 17 (SIGCHLD) received from 36
2022/01/21 02:54:06 [notice] 1#1: worker process 36 exited with code 0
2022/01/21 02:54:06 [notice] 1#1: signal 29 (SIGIO) received
2022/01/21 02:54:26 [notice] 1#1: using the "epoll" event method
2022/01/21 02:54:26 [notice] 1#1: nginx/1.21.5
2022/01/21 02:54:26 [notice] 1#1: built by gcc 10.2.1 20210110 (Debian 10.2.1-6) 
2022/01/21 02:54:26 [notice] 1#1: OS: Linux 5.10.16.3-microsoft-standard-WSL2
2022/01/21 02:54:26 [notice] 1#1: getrlimit(RLIMIT_NOFILE): 1048576:1048576
2022/01/21 02:54:26 [notice] 1#1: start worker processes
2022/01/21 02:54:26 [notice] 1#1: start worker process 31
2022/01/21 02:54:26 [notice] 1#1: start worker process 32
2022/01/21 02:54:26 [notice] 1#1: start worker process 33
2022/01/21 02:54:26 [notice] 1#1: start worker process 34
2022/01/21 02:54:26 [notice] 1#1: start worker process 35
2022/01/21 02:54:26 [notice] 1#1: start worker process 36
2022/01/21 02:54:26 [notice] 1#1: start worker process 37
2022/01/21 02:54:26 [notice] 1#1: start worker process 38
2022/01/21 03:01:49 [notice] 1#1: signal 3 (SIGQUIT) received, shutting down
2022/01/21 03:01:49 [notice] 31#31: gracefully shutting down
2022/01/21 03:01:49 [notice] 32#32: gracefully shutting down
2022/01/21 03:01:49 [notice] 34#34: gracefully shutting down
2022/01/21 03:01:49 [notice] 33#33: gracefully shutting down
2022/01/21 03:01:49 [notice] 35#35: gracefully shutting down
2022/01/21 03:01:49 [notice] 36#36: gracefully shutting down
2022/01/21 03:01:49 [notice] 37#37: gracefully shutting down
2022/01/21 03:01:49 [notice] 38#38: gracefully shutting down
2022/01/21 03:01:49 [notice] 31#31: exiting
2022/01/21 03:01:49 [notice] 32#32: exiting
2022/01/21 03:01:49 [notice] 34#34: exiting
2022/01/21 03:01:49 [notice] 33#33: exiting
2022/01/21 03:01:49 [notice] 35#35: exiting
2022/01/21 03:01:49 [notice] 36#36: exiting
2022/01/21 03:01:49 [notice] 37#37: exiting
2022/01/21 03:01:49 [notice] 38#38: exiting
2022/01/21 03:01:49 [notice] 31#31: exit
2022/01/21 03:01:49 [notice] 32#32: exit
2022/01/21 03:01:49 [notice] 34#34: exit
2022/01/21 03:01:49 [notice] 33#33: exit
2022/01/21 03:01:49 [notice] 35#35: exit
2022/01/21 03:01:49 [notice] 36#36: exit
2022/01/21 03:01:49 [notice] 37#37: exit
2022/01/21 03:01:49 [notice] 38#38: exit
2022/01/21 03:01:49 [notice] 1#1: signal 17 (SIGCHLD) received from 35
2022/01/21 03:01:49 [notice] 1#1: worker process 31 exited with code 0
2022/01/21 03:01:49 [notice] 1#1: worker process 33 exited with code 0
2022/01/21 03:01:49 [notice] 1#1: worker process 35 exited with code 0
2022/01/21 03:01:49 [notice] 1#1: worker process 38 exited with code 0
2022/01/21 03:01:50 [notice] 1#1: signal 29 (SIGIO) received
2022/01/21 03:01:50 [notice] 1#1: signal 17 (SIGCHLD) received from 33
2022/01/21 03:01:50 [notice] 1#1: signal 17 (SIGCHLD) received from 36
2022/01/21 03:01:50 [notice] 1#1: worker process 36 exited with code 0
2022/01/21 03:01:50 [notice] 1#1: signal 29 (SIGIO) received
2022/01/21 03:01:50 [notice] 1#1: signal 17 (SIGCHLD) received from 37
2022/01/21 03:01:50 [notice] 1#1: worker process 32 exited with code 0
2022/01/21 03:01:50 [notice] 1#1: worker process 37 exited with code 0
2022/01/21 03:01:50 [notice] 1#1: signal 29 (SIGIO) received
2022/01/21 03:01:50 [notice] 1#1: signal 17 (SIGCHLD) received from 34
2022/01/21 03:01:50 [notice] 1#1: worker process 34 exited with code 0
2022/01/21 03:01:50 [notice] 1#1: exit
2022/01/21 03:02:09 [notice] 1#1: using the "epoll" event method
2022/01/21 03:02:09 [notice] 1#1: nginx/1.21.5
2022/01/21 03:02:09 [notice] 1#1: built by gcc 10.2.1 20210110 (Debian 10.2.1-6) 
2022/01/21 03:02:09 [notice] 1#1: OS: Linux 5.10.16.3-microsoft-standard-WSL2
2022/01/21 03:02:09 [notice] 1#1: getrlimit(RLIMIT_NOFILE): 1048576:1048576
2022/01/21 03:02:09 [notice] 1#1: start worker processes
2022/01/21 03:02:09 [notice] 1#1: start worker process 30
2022/01/21 03:02:09 [notice] 1#1: start worker process 31
2022/01/21 03:02:09 [notice] 1#1: start worker process 32
2022/01/21 03:02:09 [notice] 1#1: start worker process 33
2022/01/21 03:02:09 [notice] 1#1: start worker process 34
2022/01/21 03:02:09 [notice] 1#1: start worker process 35
2022/01/21 03:02:09 [notice] 1#1: start worker process 36
2022/01/21 03:02:09 [notice] 1#1: start worker process 37
2022/01/21 03:03:07 [notice] 1#1: signal 3 (SIGQUIT) received, shutting down
2022/01/21 03:03:07 [notice] 30#30: gracefully shutting down
2022/01/21 03:03:07 [notice] 31#31: gracefully shutting down
2022/01/21 03:03:07 [notice] 32#32: gracefully shutting down
2022/01/21 03:03:07 [notice] 33#33: gracefully shutting down
2022/01/21 03:03:07 [notice] 34#34: gracefully shutting down
2022/01/21 03:03:07 [notice] 35#35: gracefully shutting down
2022/01/21 03:03:07 [notice] 36#36: gracefully shutting down
2022/01/21 03:03:07 [notice] 37#37: gracefully shutting down
2022/01/21 03:03:07 [notice] 31#31: exiting
2022/01/21 03:03:07 [notice] 32#32: exiting
2022/01/21 03:03:07 [notice] 33#33: exiting
2022/01/21 03:03:07 [notice] 34#34: exiting
2022/01/21 03:03:07 [notice] 35#35: exiting
2022/01/21 03:03:07 [notice] 36#36: exiting
2022/01/21 03:03:07 [notice] 37#37: exiting
2022/01/21 03:03:07 [notice] 31#31: exit
2022/01/21 03:03:07 [notice] 32#32: exit
2022/01/21 03:03:07 [notice] 33#33: exit
2022/01/21 03:03:07 [notice] 34#34: exit
2022/01/21 03:03:07 [notice] 35#35: exit
2022/01/21 03:03:07 [notice] 36#36: exit
2022/01/21 03:03:07 [notice] 37#37: exit
2022/01/21 03:03:07 [notice] 1#1: signal 17 (SIGCHLD) received from 34
2022/01/21 03:03:07 [notice] 1#1: worker process 33 exited with code 0
2022/01/21 03:03:07 [notice] 1#1: worker process 34 exited with code 0
2022/01/21 03:03:07 [notice] 1#1: worker process 35 exited with code 0
2022/01/21 03:03:07 [notice] 1#1: signal 29 (SIGIO) received
2022/01/21 03:03:07 [notice] 1#1: signal 17 (SIGCHLD) received from 32
2022/01/21 03:03:07 [notice] 1#1: worker process 32 exited with code 0
2022/01/21 03:03:07 [notice] 1#1: signal 29 (SIGIO) received
2022/01/21 03:03:07 [notice] 1#1: signal 17 (SIGCHLD) received from 31
2022/01/21 03:03:07 [notice] 1#1: worker process 31 exited with code 0
2022/01/21 03:03:07 [notice] 1#1: worker process 36 exited with code 0
2022/01/21 03:03:07 [notice] 1#1: signal 29 (SIGIO) received
2022/01/21 03:03:07 [notice] 1#1: signal 17 (SIGCHLD) received from 37
2022/01/21 03:03:07 [notice] 1#1: worker process 37 exited with code 0
2022/01/21 03:03:07 [notice] 1#1: signal 29 (SIGIO) received
2022/01/21 03:03:13 [notice] 30#30: exiting
2022/01/21 03:03:13 [notice] 30#30: exit
2022/01/21 03:03:13 [notice] 1#1: signal 17 (SIGCHLD) received from 30
2022/01/21 03:03:13 [notice] 1#1: worker process 30 exited with code 0
2022/01/21 03:03:13 [notice] 1#1: exit
2022/01/21 19:56:37 [notice] 1#1: using the "epoll" event method
2022/01/21 19:56:37 [notice] 1#1: nginx/1.21.5
2022/01/21 19:56:37 [notice] 1#1: built by gcc 10.2.1 20210110 (Debian 10.2.1-6) 
2022/01/21 19:56:37 [notice] 1#1: OS: Linux 5.10.16.3-microsoft-standard-WSL2
2022/01/21 19:56:37 [notice] 1#1: getrlimit(RLIMIT_NOFILE): 1048576:1048576
2022/01/21 19:56:37 [notice] 1#1: start worker processes
2022/01/21 19:56:37 [notice] 1#1: start worker process 30
2022/01/21 19:56:37 [notice] 1#1: start worker process 31
2022/01/21 19:56:37 [notice] 1#1: start worker process 32
2022/01/21 19:56:37 [notice] 1#1: start worker process 33
2022/01/21 19:56:37 [notice] 1#1: start worker process 34
2022/01/21 19:56:37 [notice] 1#1: start worker process 35
2022/01/21 19:56:37 [notice] 1#1: start worker process 36
2022/01/21 19:56:37 [notice] 1#1: start worker process 37
2022/12/16 18:39:17 [notice] 1#1: using the "epoll" event method
2022/12/16 18:39:17 [notice] 1#1: nginx/1.21.5
2022/12/16 18:39:17 [notice] 1#1: built by gcc 10.2.1 20210110 (Debian 10.2.1-6) 
2022/12/16 18:39:17 [notice] 1#1: OS: Linux 5.10.16.3-microsoft-standard-WSL2
2022/12/16 18:39:17 [notice] 1#1: getrlimit(RLIMIT_NOFILE): 1048576:1048576
2022/12/16 18:39:17 [notice] 1#1: start worker processes
2022/12/16 18:39:17 [notice] 1#1: start worker process 30
2022/12/16 18:39:17 [notice] 1#1: start worker process 31
2022/12/16 18:39:17 [notice] 1#1: start worker process 32
2022/12/16 18:39:17 [notice] 1#1: start worker process 33
2022/12/16 18:39:17 [notice] 1#1: start worker process 34
2022/12/16 18:39:17 [notice] 1#1: start worker process 35
2022/12/16 18:39:17 [notice] 1#1: start worker process 36
2022/12/16 18:39:17 [notice] 1#1: start worker process 37
2022/12/16 18:44:01 [notice] 1#1: signal 3 (SIGQUIT) received, shutting down
2022/12/16 18:44:01 [notice] 30#30: gracefully shutting down
2022/12/16 18:44:01 [notice] 31#31: gracefully shutting down
2022/12/16 18:44:01 [notice] 32#32: gracefully shutting down
2022/12/16 18:44:01 [notice] 33#33: gracefully shutting down
2022/12/16 18:44:01 [notice] 34#34: gracefully shutting down
2022/12/16 18:44:01 [notice] 35#35: gracefully shutting down
2022/12/16 18:44:01 [notice] 36#36: gracefully shutting down
2022/12/16 18:44:01 [notice] 37#37: gracefully shutting down
2022/12/16 18:44:01 [notice] 30#30: exiting
2022/12/16 18:44:01 [notice] 31#31: exiting
2022/12/16 18:44:01 [notice] 32#32: exiting
2022/12/16 18:44:01 [notice] 33#33: exiting
2022/12/16 18:44:01 [notice] 34#34: exiting
2022/12/16 18:44:01 [notice] 35#35: exiting
2022/12/16 18:44:01 [notice] 36#36: exiting
2022/12/16 18:44:01 [notice] 37#37: exiting
2022/12/16 18:44:01 [notice] 30#30: exit
2022/12/16 18:44:01 [notice] 31#31: exit
2022/12/16 18:44:01 [notice] 32#32: exit
2022/12/16 18:44:01 [notice] 33#33: exit
2022/12/16 18:44:01 [notice] 34#34: exit
2022/12/16 18:44:01 [notice] 35#35: exit
2022/12/16 18:44:01 [notice] 36#36: exit
2022/12/16 18:44:01 [notice] 37#37: exit
2022/12/16 18:44:01 [notice] 1#1: signal 17 (SIGCHLD) received from 37
2022/12/16 18:44:01 [notice] 1#1: worker process 30 exited with code 0
2022/12/16 18:44:01 [notice] 1#1: worker process 32 exited with code 0
2022/12/16 18:44:01 [notice] 1#1: worker process 37 exited with code 0
2022/12/16 18:44:01 [notice] 1#1: signal 29 (SIGIO) received
2022/12/16 18:44:01 [notice] 1#1: signal 17 (SIGCHLD) received from 30
2022/12/16 18:44:01 [notice] 1#1: signal 17 (SIGCHLD) received from 36
2022/12/16 18:44:01 [notice] 1#1: worker process 33 exited with code 0
2022/12/16 18:44:01 [notice] 1#1: worker process 36 exited with code 0
2022/12/16 18:44:01 [notice] 1#1: signal 29 (SIGIO) received
2022/12/16 18:44:01 [notice] 1#1: signal 17 (SIGCHLD) received from 31
2022/12/16 18:44:01 [notice] 1#1: worker process 31 exited with code 0
2022/12/16 18:44:01 [notice] 1#1: worker process 34 exited with code 0
2022/12/16 18:44:01 [notice] 1#1: worker process 35 exited with code 0
2022/12/16 18:44:01 [notice] 1#1: exit
2022/12/16 18:44:34 [notice] 1#1: using the "epoll" event method
2022/12/16 18:44:34 [notice] 1#1: nginx/1.21.5
2022/12/16 18:44:34 [notice] 1#1: built by gcc 10.2.1 20210110 (Debian 10.2.1-6) 
2022/12/16 18:44:34 [notice] 1#1: OS: Linux 5.10.16.3-microsoft-standard-WSL2
2022/12/16 18:44:34 [notice] 1#1: getrlimit(RLIMIT_NOFILE): 1048576:1048576
2022/12/16 18:44:34 [notice] 1#1: start worker processes
2022/12/16 18:44:34 [notice] 1#1: start worker process 30
2022/12/16 18:44:34 [notice] 1#1: start worker process 31
2022/12/16 18:44:34 [notice] 1#1: start worker process 32
2022/12/16 18:44:34 [notice] 1#1: start worker process 33
2022/12/16 18:44:34 [notice] 1#1: start worker process 34
2022/12/16 18:44:34 [notice] 1#1: start worker process 35
2022/12/16 18:44:34 [notice] 1#1: start worker process 36
2022/12/16 18:44:34 [notice] 1#1: start worker process 37
2022/12/16 18:45:11 [notice] 1#1: signal 3 (SIGQUIT) received, shutting down
2022/12/16 18:45:11 [notice] 30#30: gracefully shutting down
2022/12/16 18:45:11 [notice] 31#31: gracefully shutting down
2022/12/16 18:45:11 [notice] 32#32: gracefully shutting down
2022/12/16 18:45:11 [notice] 33#33: gracefully shutting down
2022/12/16 18:45:11 [notice] 34#34: gracefully shutting down
2022/12/16 18:45:11 [notice] 34#34: exiting
2022/12/16 18:45:11 [notice] 35#35: gracefully shutting down
2022/12/16 18:45:11 [notice] 36#36: gracefully shutting down
2022/12/16 18:45:11 [notice] 37#37: gracefully shutting down
2022/12/16 18:45:11 [notice] 30#30: exiting
2022/12/16 18:45:11 [notice] 31#31: exiting
2022/12/16 18:45:11 [notice] 32#32: exiting
2022/12/16 18:45:11 [notice] 33#33: exiting
2022/12/16 18:45:11 [notice] 34#34: exit
2022/12/16 18:45:11 [notice] 35#35: exiting
2022/12/16 18:45:11 [notice] 36#36: exiting
2022/12/16 18:45:11 [notice] 37#37: exiting
2022/12/16 18:45:11 [notice] 30#30: exit
2022/12/16 18:45:11 [notice] 31#31: exit
2022/12/16 18:45:11 [notice] 32#32: exit
2022/12/16 18:45:11 [notice] 33#33: exit
2022/12/16 18:45:11 [notice] 35#35: exit
2022/12/16 18:45:11 [notice] 36#36: exit
2022/12/16 18:45:11 [notice] 37#37: exit
2022/12/16 18:45:11 [notice] 1#1: signal 17 (SIGCHLD) received from 34
2022/12/16 18:45:11 [notice] 1#1: worker process 30 exited with code 0
2022/12/16 18:45:11 [notice] 1#1: worker process 34 exited with code 0
2022/12/16 18:45:11 [notice] 1#1: worker process 37 exited with code 0
2022/12/16 18:45:11 [notice] 1#1: signal 29 (SIGIO) received
2022/12/16 18:45:11 [notice] 1#1: signal 17 (SIGCHLD) received from 31
2022/12/16 18:45:11 [notice] 1#1: worker process 31 exited with code 0
2022/12/16 18:45:11 [notice] 1#1: worker process 36 exited with code 0
2022/12/16 18:45:11 [notice] 1#1: signal 29 (SIGIO) received
2022/12/16 18:45:11 [notice] 1#1: signal 17 (SIGCHLD) received from 36
2022/12/16 18:45:12 [notice] 1#1: signal 17 (SIGCHLD) received from 35
2022/12/16 18:45:12 [notice] 1#1: worker process 32 exited with code 0
2022/12/16 18:45:12 [notice] 1#1: worker process 35 exited with code 0
2022/12/16 18:45:12 [notice] 1#1: signal 29 (SIGIO) received
2022/12/16 18:45:12 [notice] 1#1: signal 17 (SIGCHLD) received from 33
2022/12/16 18:45:12 [notice] 1#1: worker process 33 exited with code 0
2022/12/16 18:45:12 [notice] 1#1: exit
2022/12/16 18:47:46 [notice] 1#1: using the "epoll" event method
2022/12/16 18:47:46 [notice] 1#1: nginx/1.21.5
2022/12/16 18:47:46 [notice] 1#1: built by gcc 10.2.1 20210110 (Debian 10.2.1-6) 
2022/12/16 18:47:46 [notice] 1#1: OS: Linux 5.10.16.3-microsoft-standard-WSL2
2022/12/16 18:47:46 [notice] 1#1: getrlimit(RLIMIT_NOFILE): 1048576:1048576
2022/12/16 18:47:46 [notice] 1#1: start worker processes
2022/12/16 18:47:46 [notice] 1#1: start worker process 30
2022/12/16 18:47:46 [notice] 1#1: start worker process 31
2022/12/16 18:47:46 [notice] 1#1: start worker process 32
2022/12/16 18:47:46 [notice] 1#1: start worker process 33
2022/12/16 18:47:46 [notice] 1#1: start worker process 34
2022/12/16 18:47:46 [notice] 1#1: start worker process 35
2022/12/16 18:47:46 [notice] 1#1: start worker process 36
2022/12/16 18:47:46 [notice] 1#1: start worker process 37
2022/12/16 19:57:57 [notice] 1#1: signal 3 (SIGQUIT) received, shutting down
2022/12/16 19:57:57 [notice] 30#30: gracefully shutting down
2022/12/16 19:57:57 [notice] 31#31: gracefully shutting down
2022/12/16 19:57:57 [notice] 32#32: gracefully shutting down
2022/12/16 19:57:57 [notice] 34#34: gracefully shutting down
2022/12/16 19:57:57 [notice] 37#37: gracefully shutting down
2022/12/16 19:57:57 [notice] 33#33: gracefully shutting down
2022/12/16 19:57:57 [notice] 36#36: gracefully shutting down
2022/12/16 19:57:57 [notice] 35#35: gracefully shutting down
2022/12/16 19:57:57 [notice] 30#30: exiting
2022/12/16 19:57:57 [notice] 31#31: exiting
2022/12/16 19:57:57 [notice] 37#37: exiting
2022/12/16 19:57:57 [notice] 34#34: exiting
2022/12/16 19:57:57 [notice] 33#33: exiting
2022/12/16 19:57:57 [notice] 32#32: exiting
2022/12/16 19:57:57 [notice] 36#36: exiting
2022/12/16 19:57:57 [notice] 30#30: exit
2022/12/16 19:57:57 [notice] 31#31: exit
2022/12/16 19:57:57 [notice] 36#36: exit
2022/12/16 19:57:57 [notice] 37#37: exit
2022/12/16 19:57:57 [notice] 33#33: exit
2022/12/16 19:57:57 [notice] 32#32: exit
2022/12/16 19:57:57 [notice] 34#34: exit
2022/12/16 19:57:57 [notice] 35#35: exiting
2022/12/16 19:57:57 [notice] 35#35: exit
2022/12/16 19:57:57 [notice] 1#1: signal 17 (SIGCHLD) received from 33
2022/12/16 19:57:57 [notice] 1#1: worker process 33 exited with code 0
2022/12/16 19:57:57 [notice] 1#1: signal 29 (SIGIO) received
2022/12/16 19:57:57 [notice] 1#1: signal 17 (SIGCHLD) received from 36
2022/12/16 19:57:57 [notice] 1#1: worker process 36 exited with code 0
2022/12/16 19:57:57 [notice] 1#1: signal 29 (SIGIO) received
2022/12/16 19:57:57 [notice] 1#1: signal 17 (SIGCHLD) received from 37
2022/12/16 19:57:57 [notice] 1#1: worker process 37 exited with code 0
2022/12/16 19:57:57 [notice] 1#1: signal 29 (SIGIO) received
2022/12/16 19:57:58 [notice] 1#1: signal 17 (SIGCHLD) received from 31
2022/12/16 19:57:58 [notice] 1#1: worker process 31 exited with code 0
2022/12/16 19:57:58 [notice] 1#1: signal 29 (SIGIO) received
2022/12/16 19:57:58 [notice] 1#1: signal 17 (SIGCHLD) received from 32
2022/12/16 19:57:58 [notice] 1#1: worker process 32 exited with code 0
2022/12/16 19:57:58 [notice] 1#1: signal 29 (SIGIO) received
2022/12/16 19:57:58 [notice] 1#1: signal 17 (SIGCHLD) received from 30
2022/12/16 19:57:58 [notice] 1#1: worker process 30 exited with code 0
2022/12/16 19:57:58 [notice] 1#1: worker process 34 exited with code 0
2022/12/16 19:57:58 [notice] 1#1: signal 29 (SIGIO) received
2022/12/16 19:57:58 [notice] 1#1: signal 17 (SIGCHLD) received from 34
2022/12/16 19:57:58 [notice] 1#1: signal 17 (SIGCHLD) received from 35
2022/12/16 19:57:58 [notice] 1#1: worker process 35 exited with code 0
2022/12/16 19:57:58 [notice] 1#1: exit
2022/12/16 20:05:19 [notice] 1#1: using the "epoll" event method
2022/12/16 20:05:19 [notice] 1#1: nginx/1.23.3
2022/12/16 20:05:19 [notice] 1#1: built by gcc 10.2.1 20210110 (Debian 10.2.1-6) 
2022/12/16 20:05:19 [notice] 1#1: OS: Linux 5.10.16.3-microsoft-standard-WSL2
2022/12/16 20:05:19 [notice] 1#1: getrlimit(RLIMIT_NOFILE): 1048576:1048576
2022/12/16 20:05:19 [notice] 1#1: start worker processes
2022/12/16 20:05:19 [notice] 1#1: start worker process 28
2022/12/16 20:05:19 [notice] 1#1: start worker process 29
2022/12/16 20:05:19 [notice] 1#1: start worker process 30
2022/12/16 20:05:19 [notice] 1#1: start worker process 31
2022/12/16 20:05:19 [notice] 1#1: start worker process 32
2022/12/16 20:05:19 [notice] 1#1: start worker process 33
2022/12/16 20:05:19 [notice] 1#1: start worker process 34
2022/12/16 20:05:19 [notice] 1#1: start worker process 35
2022/12/16 20:09:24 [notice] 1#1: signal 3 (SIGQUIT) received, shutting down
2022/12/16 20:09:24 [notice] 28#28: gracefully shutting down
2022/12/16 20:09:24 [notice] 29#29: gracefully shutting down
2022/12/16 20:09:24 [notice] 30#30: gracefully shutting down
2022/12/16 20:09:24 [notice] 31#31: gracefully shutting down
2022/12/16 20:09:24 [notice] 32#32: gracefully shutting down
2022/12/16 20:09:24 [notice] 33#33: gracefully shutting down
2022/12/16 20:09:24 [notice] 34#34: gracefully shutting down
2022/12/16 20:09:24 [notice] 35#35: gracefully shutting down
2022/12/16 20:09:24 [notice] 28#28: exiting
2022/12/16 20:09:24 [notice] 29#29: exiting
2022/12/16 20:09:24 [notice] 30#30: exiting
2022/12/16 20:09:24 [notice] 31#31: exiting
2022/12/16 20:09:24 [notice] 32#32: exiting
2022/12/16 20:09:24 [notice] 33#33: exiting
2022/12/16 20:09:24 [notice] 34#34: exiting
2022/12/16 20:09:24 [notice] 35#35: exiting
2022/12/16 20:09:24 [notice] 28#28: exit
2022/12/16 20:09:24 [notice] 29#29: exit
2022/12/16 20:09:24 [notice] 31#31: exit
2022/12/16 20:09:24 [notice] 30#30: exit
2022/12/16 20:09:24 [notice] 32#32: exit
2022/12/16 20:09:24 [notice] 33#33: exit
2022/12/16 20:09:24 [notice] 34#34: exit
2022/12/16 20:09:24 [notice] 35#35: exit
2022/12/16 20:09:25 [notice] 1#1: signal 17 (SIGCHLD) received from 32
2022/12/16 20:09:25 [notice] 1#1: worker process 29 exited with code 0
2022/12/16 20:09:25 [notice] 1#1: worker process 32 exited with code 0
2022/12/16 20:09:25 [notice] 1#1: signal 29 (SIGIO) received
2022/12/16 20:09:25 [notice] 1#1: signal 17 (SIGCHLD) received from 29
2022/12/16 20:09:25 [notice] 1#1: signal 17 (SIGCHLD) received from 28
2022/12/16 20:09:25 [notice] 1#1: worker process 28 exited with code 0
2022/12/16 20:09:25 [notice] 1#1: worker process 31 exited with code 0
2022/12/16 20:09:25 [notice] 1#1: worker process 33 exited with code 0
2022/12/16 20:09:25 [notice] 1#1: worker process 34 exited with code 0
2022/12/16 20:09:25 [notice] 1#1: signal 29 (SIGIO) received
2022/12/16 20:09:25 [notice] 1#1: signal 17 (SIGCHLD) received from 33
2022/12/16 20:09:25 [notice] 1#1: signal 17 (SIGCHLD) received from 35
2022/12/16 20:09:25 [notice] 1#1: worker process 30 exited with code 0
2022/12/16 20:09:25 [notice] 1#1: worker process 35 exited with code 0
2022/12/16 20:09:25 [notice] 1#1: exit
2022/12/16 20:11:11 [notice] 1#1: using the "epoll" event method
2022/12/16 20:11:11 [notice] 1#1: nginx/1.23.3
2022/12/16 20:11:11 [notice] 1#1: built by gcc 10.2.1 20210110 (Debian 10.2.1-6) 
2022/12/16 20:11:11 [notice] 1#1: OS: Linux 5.10.16.3-microsoft-standard-WSL2
2022/12/16 20:11:11 [notice] 1#1: getrlimit(RLIMIT_NOFILE): 1048576:1048576
2022/12/16 20:11:11 [notice] 1#1: start worker processes
2022/12/16 20:11:11 [notice] 1#1: start worker process 28
2022/12/16 20:11:11 [notice] 1#1: start worker process 29
2022/12/16 20:11:11 [notice] 1#1: start worker process 30
2022/12/16 20:11:11 [notice] 1#1: start worker process 31
2022/12/16 20:11:11 [notice] 1#1: start worker process 32
2022/12/16 20:11:11 [notice] 1#1: start worker process 33
2022/12/16 20:11:11 [notice] 1#1: start worker process 34
2022/12/16 20:11:11 [notice] 1#1: start worker process 35
2022/12/16 20:15:04 [notice] 1#1: signal 3 (SIGQUIT) received, shutting down
2022/12/16 20:15:04 [notice] 28#28: gracefully shutting down
2022/12/16 20:15:04 [notice] 29#29: gracefully shutting down
2022/12/16 20:15:04 [notice] 30#30: gracefully shutting down
2022/12/16 20:15:04 [notice] 31#31: gracefully shutting down
2022/12/16 20:15:04 [notice] 32#32: gracefully shutting down
2022/12/16 20:15:04 [notice] 34#34: gracefully shutting down
2022/12/16 20:15:04 [notice] 35#35: gracefully shutting down
2022/12/16 20:15:04 [notice] 35#35: exiting
2022/12/16 20:15:04 [notice] 33#33: gracefully shutting down
2022/12/16 20:15:04 [notice] 28#28: exiting
2022/12/16 20:15:04 [notice] 29#29: exiting
2022/12/16 20:15:04 [notice] 30#30: exiting
2022/12/16 20:15:04 [notice] 31#31: exiting
2022/12/16 20:15:04 [notice] 32#32: exiting
2022/12/16 20:15:04 [notice] 34#34: exiting
2022/12/16 20:15:04 [notice] 35#35: exit
2022/12/16 20:15:04 [notice] 33#33: exiting
2022/12/16 20:15:04 [notice] 28#28: exit
2022/12/16 20:15:04 [notice] 29#29: exit
2022/12/16 20:15:04 [notice] 30#30: exit
2022/12/16 20:15:04 [notice] 31#31: exit
2022/12/16 20:15:04 [notice] 32#32: exit
2022/12/16 20:15:04 [notice] 34#34: exit
2022/12/16 20:15:04 [notice] 33#33: exit
2022/12/16 20:15:04 [notice] 1#1: signal 17 (SIGCHLD) received from 28
2022/12/16 20:15:04 [notice] 1#1: worker process 28 exited with code 0
2022/12/16 20:15:04 [notice] 1#1: worker process 32 exited with code 0
2022/12/16 20:15:04 [notice] 1#1: worker process 35 exited with code 0
2022/12/16 20:15:04 [notice] 1#1: signal 29 (SIGIO) received
2022/12/16 20:15:04 [notice] 1#1: signal 17 (SIGCHLD) received from 35
2022/12/16 20:15:04 [notice] 1#1: signal 17 (SIGCHLD) received from 31
2022/12/16 20:15:04 [notice] 1#1: worker process 31 exited with code 0
2022/12/16 20:15:04 [notice] 1#1: signal 29 (SIGIO) received
2022/12/16 20:15:04 [notice] 1#1: signal 17 (SIGCHLD) received from 34
2022/12/16 20:15:04 [notice] 1#1: worker process 34 exited with code 0
2022/12/16 20:15:04 [notice] 1#1: signal 29 (SIGIO) received
2022/12/16 20:15:04 [notice] 1#1: signal 17 (SIGCHLD) received from 30
2022/12/16 20:15:04 [notice] 1#1: worker process 30 exited with code 0
2022/12/16 20:15:04 [notice] 1#1: worker process 33 exited with code 0
2022/12/16 20:15:04 [notice] 1#1: signal 29 (SIGIO) received
2022/12/16 20:15:04 [notice] 1#1: signal 17 (SIGCHLD) received from 29
2022/12/16 20:15:04 [notice] 1#1: worker process 29 exited with code 0
2022/12/16 20:15:04 [notice] 1#1: exit
2022/12/16 20:15:20 [notice] 1#1: using the "epoll" event method
2022/12/16 20:15:20 [notice] 1#1: nginx/1.23.3
2022/12/16 20:15:20 [notice] 1#1: built by gcc 10.2.1 20210110 (Debian 10.2.1-6) 
2022/12/16 20:15:20 [notice] 1#1: OS: Linux 5.10.16.3-microsoft-standard-WSL2
2022/12/16 20:15:20 [notice] 1#1: getrlimit(RLIMIT_NOFILE): 1048576:1048576
2022/12/16 20:15:20 [notice] 1#1: start worker processes
2022/12/16 20:15:20 [notice] 1#1: start worker process 28
2022/12/16 20:15:20 [notice] 1#1: start worker process 29
2022/12/16 20:15:20 [notice] 1#1: start worker process 30
2022/12/16 20:15:20 [notice] 1#1: start worker process 31
2022/12/16 20:15:20 [notice] 1#1: start worker process 32
2022/12/16 20:15:20 [notice] 1#1: start worker process 33
2022/12/16 20:15:20 [notice] 1#1: start worker process 34
2022/12/16 20:15:20 [notice] 1#1: start worker process 35
2022/12/16 20:15:59 [notice] 1#1: signal 3 (SIGQUIT) received, shutting down
2022/12/16 20:15:59 [notice] 28#28: gracefully shutting down
2022/12/16 20:15:59 [notice] 33#33: gracefully shutting down
2022/12/16 20:15:59 [notice] 29#29: gracefully shutting down
2022/12/16 20:15:59 [notice] 30#30: gracefully shutting down
2022/12/16 20:15:59 [notice] 30#30: exiting
2022/12/16 20:15:59 [notice] 31#31: gracefully shutting down
2022/12/16 20:15:59 [notice] 32#32: gracefully shutting down
2022/12/16 20:15:59 [notice] 34#34: gracefully shutting down
2022/12/16 20:15:59 [notice] 35#35: gracefully shutting down
2022/12/16 20:15:59 [notice] 28#28: exiting
2022/12/16 20:15:59 [notice] 33#33: exiting
2022/12/16 20:15:59 [notice] 29#29: exiting
2022/12/16 20:15:59 [notice] 30#30: exit
2022/12/16 20:15:59 [notice] 31#31: exiting
2022/12/16 20:15:59 [notice] 32#32: exiting
2022/12/16 20:15:59 [notice] 34#34: exiting
2022/12/16 20:15:59 [notice] 35#35: exiting
2022/12/16 20:15:59 [notice] 28#28: exit
2022/12/16 20:15:59 [notice] 33#33: exit
2022/12/16 20:15:59 [notice] 29#29: exit
2022/12/16 20:15:59 [notice] 31#31: exit
2022/12/16 20:15:59 [notice] 32#32: exit
2022/12/16 20:15:59 [notice] 34#34: exit
2022/12/16 20:15:59 [notice] 35#35: exit
2022/12/16 20:15:59 [notice] 1#1: signal 17 (SIGCHLD) received from 35
2022/12/16 20:15:59 [notice] 1#1: worker process 35 exited with code 0
2022/12/16 20:15:59 [notice] 1#1: signal 29 (SIGIO) received
2022/12/16 20:15:59 [notice] 1#1: signal 17 (SIGCHLD) received from 31
2022/12/16 20:15:59 [notice] 1#1: worker process 31 exited with code 0
2022/12/16 20:15:59 [notice] 1#1: signal 29 (SIGIO) received
2022/12/16 20:15:59 [notice] 1#1: signal 17 (SIGCHLD) received from 28
2022/12/16 20:15:59 [notice] 1#1: worker process 28 exited with code 0
2022/12/16 20:15:59 [notice] 1#1: signal 29 (SIGIO) received
2022/12/16 20:15:59 [notice] 1#1: signal 17 (SIGCHLD) received from 32
2022/12/16 20:15:59 [notice] 1#1: worker process 32 exited with code 0
2022/12/16 20:15:59 [notice] 1#1: signal 29 (SIGIO) received
2022/12/16 20:15:59 [notice] 1#1: signal 17 (SIGCHLD) received from 30
2022/12/16 20:15:59 [notice] 1#1: worker process 30 exited with code 0
2022/12/16 20:15:59 [notice] 1#1: worker process 33 exited with code 0
2022/12/16 20:15:59 [notice] 1#1: signal 29 (SIGIO) received
2022/12/16 20:15:59 [notice] 1#1: signal 17 (SIGCHLD) received from 29
2022/12/16 20:15:59 [notice] 1#1: worker process 29 exited with code 0
2022/12/16 20:15:59 [notice] 1#1: signal 29 (SIGIO) received
2022/12/16 20:15:59 [notice] 1#1: signal 17 (SIGCHLD) received from 34
2022/12/16 20:15:59 [notice] 1#1: worker process 34 exited with code 0
2022/12/16 20:15:59 [notice] 1#1: exit
2022/12/16 20:25:35 [notice] 1#1: using the "epoll" event method
2022/12/16 20:25:35 [notice] 1#1: nginx/1.23.3
2022/12/16 20:25:35 [notice] 1#1: built by gcc 10.2.1 20210110 (Debian 10.2.1-6) 
2022/12/16 20:25:35 [notice] 1#1: OS: Linux 5.10.16.3-microsoft-standard-WSL2
2022/12/16 20:25:35 [notice] 1#1: getrlimit(RLIMIT_NOFILE): 1048576:1048576
2022/12/16 20:25:35 [notice] 1#1: start worker processes
2022/12/16 20:25:35 [notice] 1#1: start worker process 28
2022/12/16 20:25:35 [notice] 1#1: start worker process 29
2022/12/16 20:25:35 [notice] 1#1: start worker process 30
2022/12/16 20:25:35 [notice] 1#1: start worker process 31
2022/12/16 20:25:35 [notice] 1#1: start worker process 32
2022/12/16 20:25:35 [notice] 1#1: start worker process 33
2022/12/16 20:25:35 [notice] 1#1: start worker process 34
2022/12/16 20:25:35 [notice] 1#1: start worker process 35
2022/12/16 20:27:00 [notice] 1#1: signal 3 (SIGQUIT) received, shutting down
2022/12/16 20:27:00 [notice] 28#28: gracefully shutting down
2022/12/16 20:27:00 [notice] 29#29: gracefully shutting down
2022/12/16 20:27:00 [notice] 30#30: gracefully shutting down
2022/12/16 20:27:00 [notice] 31#31: gracefully shutting down
2022/12/16 20:27:00 [notice] 32#32: gracefully shutting down
2022/12/16 20:27:00 [notice] 33#33: gracefully shutting down
2022/12/16 20:27:00 [notice] 34#34: gracefully shutting down
2022/12/16 20:27:00 [notice] 35#35: gracefully shutting down
2022/12/16 20:27:00 [notice] 28#28: exiting
2022/12/16 20:27:00 [notice] 29#29: exiting
2022/12/16 20:27:00 [notice] 28#28: exit
2022/12/16 20:27:00 [notice] 30#30: exiting
2022/12/16 20:27:00 [notice] 31#31: exiting
2022/12/16 20:27:00 [notice] 32#32: exiting
2022/12/16 20:27:00 [notice] 33#33: exiting
2022/12/16 20:27:00 [notice] 34#34: exiting
2022/12/16 20:27:00 [notice] 35#35: exiting
2022/12/16 20:27:00 [notice] 29#29: exit
2022/12/16 20:27:00 [notice] 30#30: exit
2022/12/16 20:27:00 [notice] 31#31: exit
2022/12/16 20:27:00 [notice] 32#32: exit
2022/12/16 20:27:00 [notice] 33#33: exit
2022/12/16 20:27:00 [notice] 34#34: exit
2022/12/16 20:27:00 [notice] 35#35: exit
2022/12/16 20:27:00 [notice] 1#1: signal 17 (SIGCHLD) received from 35
2022/12/16 20:27:00 [notice] 1#1: worker process 28 exited with code 0
2022/12/16 20:27:00 [notice] 1#1: worker process 29 exited with code 0
2022/12/16 20:27:00 [notice] 1#1: worker process 33 exited with code 0
2022/12/16 20:27:00 [notice] 1#1: worker process 35 exited with code 0
2022/12/16 20:27:00 [notice] 1#1: signal 29 (SIGIO) received
2022/12/16 20:27:00 [notice] 1#1: signal 17 (SIGCHLD) received from 28
2022/12/16 20:27:00 [notice] 1#1: signal 17 (SIGCHLD) received from 30
2022/12/16 20:27:00 [notice] 1#1: worker process 30 exited with code 0
2022/12/16 20:27:00 [notice] 1#1: worker process 31 exited with code 0
2022/12/16 20:27:00 [notice] 1#1: worker process 32 exited with code 0
2022/12/16 20:27:00 [notice] 1#1: worker process 34 exited with code 0
2022/12/16 20:27:00 [notice] 1#1: exit
2022/12/16 20:27:46 [notice] 1#1: using the "epoll" event method
2022/12/16 20:27:46 [notice] 1#1: nginx/1.23.3
2022/12/16 20:27:46 [notice] 1#1: built by gcc 10.2.1 20210110 (Debian 10.2.1-6) 
2022/12/16 20:27:46 [notice] 1#1: OS: Linux 5.10.16.3-microsoft-standard-WSL2
2022/12/16 20:27:46 [notice] 1#1: getrlimit(RLIMIT_NOFILE): 1048576:1048576
2022/12/16 20:27:46 [notice] 1#1: start worker processes
2022/12/16 20:27:46 [notice] 1#1: start worker process 28
2022/12/16 20:27:46 [notice] 1#1: start worker process 29
2022/12/16 20:27:46 [notice] 1#1: start worker process 30
2022/12/16 20:27:46 [notice] 1#1: start worker process 31
2022/12/16 20:27:46 [notice] 1#1: start worker process 32
2022/12/16 20:27:46 [notice] 1#1: start worker process 33
2022/12/16 20:27:46 [notice] 1#1: start worker process 34
2022/12/16 20:27:46 [notice] 1#1: start worker process 35
2022/12/16 20:28:29 [notice] 1#1: signal 3 (SIGQUIT) received, shutting down
2022/12/16 20:28:29 [notice] 28#28: gracefully shutting down
2022/12/16 20:28:29 [notice] 29#29: gracefully shutting down
2022/12/16 20:28:29 [notice] 30#30: gracefully shutting down
2022/12/16 20:28:29 [notice] 31#31: gracefully shutting down
2022/12/16 20:28:29 [notice] 32#32: gracefully shutting down
2022/12/16 20:28:29 [notice] 33#33: gracefully shutting down
2022/12/16 20:28:29 [notice] 34#34: gracefully shutting down
2022/12/16 20:28:29 [notice] 35#35: gracefully shutting down
2022/12/16 20:28:29 [notice] 28#28: exiting
2022/12/16 20:28:29 [notice] 29#29: exiting
2022/12/16 20:28:29 [notice] 30#30: exiting
2022/12/16 20:28:29 [notice] 31#31: exiting
2022/12/16 20:28:29 [notice] 32#32: exiting
2022/12/16 20:28:29 [notice] 33#33: exiting
2022/12/16 20:28:29 [notice] 34#34: exiting
2022/12/16 20:28:29 [notice] 35#35: exiting
2022/12/16 20:28:29 [notice] 28#28: exit
2022/12/16 20:28:29 [notice] 29#29: exit
2022/12/16 20:28:29 [notice] 30#30: exit
2022/12/16 20:28:29 [notice] 31#31: exit
2022/12/16 20:28:29 [notice] 32#32: exit
2022/12/16 20:28:29 [notice] 33#33: exit
2022/12/16 20:28:29 [notice] 34#34: exit
2022/12/16 20:28:29 [notice] 35#35: exit
2022/12/16 20:28:29 [notice] 1#1: signal 17 (SIGCHLD) received from 33
2022/12/16 20:28:29 [notice] 1#1: worker process 33 exited with code 0
2022/12/16 20:28:29 [notice] 1#1: worker process 34 exited with code 0
2022/12/16 20:28:29 [notice] 1#1: signal 29 (SIGIO) received
2022/12/16 20:28:29 [notice] 1#1: signal 17 (SIGCHLD) received from 30
2022/12/16 20:28:29 [notice] 1#1: worker process 30 exited with code 0
2022/12/16 20:28:29 [notice] 1#1: signal 29 (SIGIO) received
2022/12/16 20:28:29 [notice] 1#1: signal 17 (SIGCHLD) received from 31
2022/12/16 20:28:29 [notice] 1#1: worker process 31 exited with code 0
2022/12/16 20:28:29 [notice] 1#1: signal 29 (SIGIO) received
2022/12/16 20:28:29 [notice] 1#1: signal 17 (SIGCHLD) received from 32
2022/12/16 20:28:29 [notice] 1#1: worker process 28 exited with code 0
2022/12/16 20:28:29 [notice] 1#1: worker process 32 exited with code 0
2022/12/16 20:28:29 [notice] 1#1: signal 29 (SIGIO) received
2022/12/16 20:28:29 [notice] 1#1: signal 17 (SIGCHLD) received from 35
2022/12/16 20:28:29 [notice] 1#1: worker process 29 exited with code 0
2022/12/16 20:28:29 [notice] 1#1: worker process 35 exited with code 0
2022/12/16 20:28:29 [notice] 1#1: exit
2022/12/16 20:30:20 [notice] 1#1: using the "epoll" event method
2022/12/16 20:30:20 [notice] 1#1: nginx/1.23.3
2022/12/16 20:30:20 [notice] 1#1: built by gcc 10.2.1 20210110 (Debian 10.2.1-6) 
2022/12/16 20:30:20 [notice] 1#1: OS: Linux 5.10.16.3-microsoft-standard-WSL2
2022/12/16 20:30:20 [notice] 1#1: getrlimit(RLIMIT_NOFILE): 1048576:1048576
2022/12/16 20:30:20 [notice] 1#1: start worker processes
2022/12/16 20:30:20 [notice] 1#1: start worker process 29
2022/12/16 20:30:20 [notice] 1#1: start worker process 30
2022/12/16 20:30:20 [notice] 1#1: start worker process 31
2022/12/16 20:30:20 [notice] 1#1: start worker process 32
2022/12/16 20:30:20 [notice] 1#1: start worker process 33
2022/12/16 20:30:20 [notice] 1#1: start worker process 34
2022/12/16 20:30:20 [notice] 1#1: start worker process 35
2022/12/16 20:30:20 [notice] 1#1: start worker process 36
2022/12/16 20:30:34 [notice] 1#1: signal 3 (SIGQUIT) received, shutting down
2022/12/16 20:30:34 [notice] 29#29: gracefully shutting down
2022/12/16 20:30:34 [notice] 30#30: gracefully shutting down
2022/12/16 20:30:34 [notice] 30#30: exiting
2022/12/16 20:30:34 [notice] 31#31: gracefully shutting down
2022/12/16 20:30:34 [notice] 32#32: gracefully shutting down
2022/12/16 20:30:34 [notice] 30#30: exit
2022/12/16 20:30:34 [notice] 33#33: gracefully shutting down
2022/12/16 20:30:34 [notice] 34#34: gracefully shutting down
2022/12/16 20:30:34 [notice] 34#34: exiting
2022/12/16 20:30:34 [notice] 35#35: gracefully shutting down
2022/12/16 20:30:34 [notice] 36#36: gracefully shutting down
2022/12/16 20:30:34 [notice] 29#29: exiting
2022/12/16 20:30:34 [notice] 31#31: exiting
2022/12/16 20:30:34 [notice] 32#32: exiting
2022/12/16 20:30:34 [notice] 33#33: exiting
2022/12/16 20:30:34 [notice] 34#34: exit
2022/12/16 20:30:34 [notice] 35#35: exiting
2022/12/16 20:30:34 [notice] 36#36: exiting
2022/12/16 20:30:34 [notice] 29#29: exit
2022/12/16 20:30:34 [notice] 31#31: exit
2022/12/16 20:30:34 [notice] 32#32: exit
2022/12/16 20:30:34 [notice] 33#33: exit
2022/12/16 20:30:34 [notice] 35#35: exit
2022/12/16 20:30:34 [notice] 36#36: exit
2022/12/16 20:30:34 [notice] 1#1: signal 17 (SIGCHLD) received from 29
2022/12/16 20:30:34 [notice] 1#1: worker process 29 exited with code 0
2022/12/16 20:30:34 [notice] 1#1: worker process 35 exited with code 0
2022/12/16 20:30:34 [notice] 1#1: signal 29 (SIGIO) received
2022/12/16 20:30:34 [notice] 1#1: signal 17 (SIGCHLD) received from 33
2022/12/16 20:30:34 [notice] 1#1: worker process 32 exited with code 0
2022/12/16 20:30:34 [notice] 1#1: worker process 33 exited with code 0
2022/12/16 20:30:34 [notice] 1#1: signal 29 (SIGIO) received
2022/12/16 20:30:34 [notice] 1#1: signal 17 (SIGCHLD) received from 31
2022/12/16 20:30:34 [notice] 1#1: worker process 31 exited with code 0
2022/12/16 20:30:34 [notice] 1#1: signal 29 (SIGIO) received
2022/12/16 20:30:34 [notice] 1#1: signal 17 (SIGCHLD) received from 34
2022/12/16 20:30:34 [notice] 1#1: worker process 34 exited with code 0
2022/12/16 20:30:34 [notice] 1#1: signal 29 (SIGIO) received
2022/12/16 20:30:34 [notice] 1#1: signal 17 (SIGCHLD) received from 30
2022/12/16 20:30:34 [notice] 1#1: worker process 30 exited with code 0
2022/12/16 20:30:34 [notice] 1#1: worker process 36 exited with code 0
2022/12/16 20:30:34 [notice] 1#1: exit
2022/12/16 20:32:18 [notice] 1#1: using the "epoll" event method
2022/12/16 20:32:18 [notice] 1#1: nginx/1.23.3
2022/12/16 20:32:18 [notice] 1#1: built by gcc 10.2.1 20210110 (Debian 10.2.1-6) 
2022/12/16 20:32:18 [notice] 1#1: OS: Linux 5.10.16.3-microsoft-standard-WSL2
2022/12/16 20:32:18 [notice] 1#1: getrlimit(RLIMIT_NOFILE): 1048576:1048576
2022/12/16 20:32:18 [notice] 1#1: start worker processes
2022/12/16 20:32:18 [notice] 1#1: start worker process 28
2022/12/16 20:32:18 [notice] 1#1: start worker process 29
2022/12/16 20:32:18 [notice] 1#1: start worker process 30
2022/12/16 20:32:18 [notice] 1#1: start worker process 31
2022/12/16 20:32:18 [notice] 1#1: start worker process 32
2022/12/16 20:32:18 [notice] 1#1: start worker process 33
2022/12/16 20:32:18 [notice] 1#1: start worker process 34
2022/12/16 20:32:18 [notice] 1#1: start worker process 35
2022/12/16 20:33:05 [notice] 1#1: signal 3 (SIGQUIT) received, shutting down
2022/12/16 20:33:05 [notice] 28#28: gracefully shutting down
2022/12/16 20:33:05 [notice] 29#29: gracefully shutting down
2022/12/16 20:33:05 [notice] 30#30: gracefully shutting down
2022/12/16 20:33:05 [notice] 31#31: gracefully shutting down
2022/12/16 20:33:05 [notice] 32#32: gracefully shutting down
2022/12/16 20:33:05 [notice] 33#33: gracefully shutting down
2022/12/16 20:33:05 [notice] 34#34: gracefully shutting down
2022/12/16 20:33:05 [notice] 35#35: gracefully shutting down
2022/12/16 20:33:05 [notice] 28#28: exiting
2022/12/16 20:33:05 [notice] 29#29: exiting
2022/12/16 20:33:05 [notice] 30#30: exiting
2022/12/16 20:33:05 [notice] 31#31: exiting
2022/12/16 20:33:05 [notice] 32#32: exiting
2022/12/16 20:33:05 [notice] 33#33: exiting
2022/12/16 20:33:05 [notice] 34#34: exiting
2022/12/16 20:33:05 [notice] 35#35: exiting
2022/12/16 20:33:05 [notice] 28#28: exit
2022/12/16 20:33:05 [notice] 29#29: exit
2022/12/16 20:33:05 [notice] 30#30: exit
2022/12/16 20:33:05 [notice] 31#31: exit
2022/12/16 20:33:05 [notice] 32#32: exit
2022/12/16 20:33:05 [notice] 33#33: exit
2022/12/16 20:33:05 [notice] 34#34: exit
2022/12/16 20:33:05 [notice] 35#35: exit
2022/12/16 20:33:05 [notice] 1#1: signal 17 (SIGCHLD) received from 34
2022/12/16 20:33:05 [notice] 1#1: worker process 29 exited with code 0
2022/12/16 20:33:05 [notice] 1#1: worker process 31 exited with code 0
2022/12/16 20:33:05 [notice] 1#1: worker process 32 exited with code 0
2022/12/16 20:33:05 [notice] 1#1: worker process 34 exited with code 0
2022/12/16 20:33:05 [notice] 1#1: worker process 35 exited with code 0
2022/12/16 20:33:05 [notice] 1#1: signal 29 (SIGIO) received
2022/12/16 20:33:05 [notice] 1#1: signal 17 (SIGCHLD) received from 35
2022/12/16 20:33:05 [notice] 1#1: signal 17 (SIGCHLD) received from 28
2022/12/16 20:33:05 [notice] 1#1: worker process 28 exited with code 0
2022/12/16 20:33:05 [notice] 1#1: signal 29 (SIGIO) received
2022/12/16 20:33:05 [notice] 1#1: signal 17 (SIGCHLD) received from 33
2022/12/16 20:33:05 [notice] 1#1: worker process 30 exited with code 0
2022/12/16 20:33:05 [notice] 1#1: worker process 33 exited with code 0
2022/12/16 20:33:05 [notice] 1#1: exit
2022/12/16 20:38:02 [notice] 1#1: using the "epoll" event method
2022/12/16 20:38:02 [notice] 1#1: nginx/1.23.3
2022/12/16 20:38:02 [notice] 1#1: built by gcc 10.2.1 20210110 (Debian 10.2.1-6) 
2022/12/16 20:38:02 [notice] 1#1: OS: Linux 5.10.16.3-microsoft-standard-WSL2
2022/12/16 20:38:02 [notice] 1#1: getrlimit(RLIMIT_NOFILE): 1048576:1048576
2022/12/16 20:38:02 [notice] 1#1: start worker processes
2022/12/16 20:38:02 [notice] 1#1: start worker process 28
2022/12/16 20:38:02 [notice] 1#1: start worker process 29
2022/12/16 20:38:02 [notice] 1#1: start worker process 30
2022/12/16 20:38:02 [notice] 1#1: start worker process 31
2022/12/16 20:38:02 [notice] 1#1: start worker process 32
2022/12/16 20:38:02 [notice] 1#1: start worker process 33
2022/12/16 20:38:02 [notice] 1#1: start worker process 34
2022/12/16 20:38:02 [notice] 1#1: start worker process 35
2022/12/16 20:38:20 [notice] 1#1: signal 3 (SIGQUIT) received, shutting down
2022/12/16 20:38:20 [notice] 28#28: gracefully shutting down
2022/12/16 20:38:20 [notice] 29#29: gracefully shutting down
2022/12/16 20:38:20 [notice] 31#31: gracefully shutting down
2022/12/16 20:38:20 [notice] 30#30: gracefully shutting down
2022/12/16 20:38:20 [notice] 32#32: gracefully shutting down
2022/12/16 20:38:20 [notice] 33#33: gracefully shutting down
2022/12/16 20:38:20 [notice] 34#34: gracefully shutting down
2022/12/16 20:38:20 [notice] 35#35: gracefully shutting down
2022/12/16 20:38:20 [notice] 28#28: exiting
2022/12/16 20:38:20 [notice] 29#29: exiting
2022/12/16 20:38:20 [notice] 31#31: exiting
2022/12/16 20:38:20 [notice] 30#30: exiting
2022/12/16 20:38:20 [notice] 32#32: exiting
2022/12/16 20:38:20 [notice] 33#33: exiting
2022/12/16 20:38:20 [notice] 34#34: exiting
2022/12/16 20:38:20 [notice] 35#35: exiting
2022/12/16 20:38:20 [notice] 28#28: exit
2022/12/16 20:38:20 [notice] 29#29: exit
2022/12/16 20:38:20 [notice] 31#31: exit
2022/12/16 20:38:20 [notice] 30#30: exit
2022/12/16 20:38:20 [notice] 32#32: exit
2022/12/16 20:38:20 [notice] 33#33: exit
2022/12/16 20:38:20 [notice] 34#34: exit
2022/12/16 20:38:20 [notice] 35#35: exit
2022/12/16 20:38:20 [notice] 1#1: signal 17 (SIGCHLD) received from 35
2022/12/16 20:38:20 [notice] 1#1: worker process 32 exited with code 0
2022/12/16 20:38:20 [notice] 1#1: worker process 35 exited with code 0
2022/12/16 20:38:20 [notice] 1#1: signal 29 (SIGIO) received
2022/12/16 20:38:20 [notice] 1#1: signal 17 (SIGCHLD) received from 32
2022/12/16 20:38:20 [notice] 1#1: signal 17 (SIGCHLD) received from 29
2022/12/16 20:38:20 [notice] 1#1: worker process 29 exited with code 0
2022/12/16 20:38:20 [notice] 1#1: signal 29 (SIGIO) received
2022/12/16 20:38:20 [notice] 1#1: signal 17 (SIGCHLD) received from 33
2022/12/16 20:38:20 [notice] 1#1: worker process 33 exited with code 0
2022/12/16 20:38:20 [notice] 1#1: signal 29 (SIGIO) received
2022/12/16 20:38:20 [notice] 1#1: signal 17 (SIGCHLD) received from 34
2022/12/16 20:38:20 [notice] 1#1: worker process 28 exited with code 0
2022/12/16 20:38:20 [notice] 1#1: worker process 31 exited with code 0
2022/12/16 20:38:20 [notice] 1#1: worker process 34 exited with code 0
2022/12/16 20:38:20 [notice] 1#1: signal 29 (SIGIO) received
2022/12/16 20:38:20 [notice] 1#1: signal 17 (SIGCHLD) received from 28
2022/12/16 20:38:20 [notice] 1#1: signal 17 (SIGCHLD) received from 30
2022/12/16 20:38:20 [notice] 1#1: worker process 30 exited with code 0
2022/12/16 20:38:20 [notice] 1#1: exit
